Arguments: 
  C:\Program Files\nodejs\node.exe C:\Users\Zailairen\AppData\Roaming\npm\node_modules\yarn\bin\yarn.js add antd

PATH: 
  C:\Program Files (x86)\Common Files\Oracle\Java\javapath;C:\WINDOWS\system32;C:\WINDOWS;C:\WINDOWS\System32\Wbem;C:\WINDOWS\System32\WindowsPowerShell\v1.0\;C:\WINDOWS\System32\OpenSSH\;%JAVA_HOME%\bin;C:\Program Files\Git\cmd;C:\Program Files\nodejs\;C:\Program Files\TortoiseSVN\bin;C:\Program Files\MongoDB\Server\4.2\bin;;C:\Program Files\Dart\dart-sdk\bin;C:\Users\Zailairen\AppData\Local\Programs\Python\Python38-32\Scripts\;C:\Users\Zailairen\AppData\Local\Programs\Python\Python38-32\;C:\Users\Zailairen\AppData\Local\Microsoft\WindowsApps;C:\Users\Zailairen\AppData\Local\Programs\Microsoft VS Code\bin;C:\Program Files\Java\jdk1.8.0_181\bin;C:\Users\Zailairen\Downloads\flutter_windows_v1.7.8+hotfix.4-stable\flutter\bin;C:\Users\Zailairen\AppData\Roaming\npm;

Yarn version: 
  1.22.4

Node version: 
  10.16.2

Platform: 
  win32 x64

Trace: 
  Error: ENOENT: no such file or directory, copyfile 'C:\Users\Zailairen\AppData\Local\Yarn\Cache\v6\npm-make-dir-2.1.0-5f0310e18b8be898cc07009295a30ae41e91e6f5-integrity\node_modules\make-dir\index.js' -> 'D:\demo-temp\react\dva-demo\node_modules\af-webpack\node_modules\make-dir\index.js'

npm manifest: 
  {
    "private": true,
    "scripts": {
      "start": "roadhog server",
      "build": "roadhog build",
      "lint": "eslint --ext .js src test",
      "precommit": "npm run lint"
    },
    "dependencies": {
      "dva": "^2.4.1",
      "react": "^16.2.0",
      "react-dom": "^16.2.0"
    },
    "devDependencies": {
      "babel-plugin-dva-hmr": "^0.3.2",
      "eslint": "^4.14.0",
      "eslint-config-umi": "^0.1.1",
      "eslint-plugin-flowtype": "^2.34.1",
      "eslint-plugin-import": "^2.6.0",
      "eslint-plugin-jsx-a11y": "^5.1.1",
      "eslint-plugin-react": "^7.1.0",
      "husky": "^0.12.0",
      "redbox-react": "^1.4.3",
      "roadhog": "^2.5.0-beta.4"
    }
  }

yarn manifest: 
  No manifest

Lockfile: 
  No lockfile
